<?xml version="1.0" encoding="UTF-8"?>
<testsuite name="testing.T1" tests="1" skipped="0" failures="0" errors="0" timestamp="2021-08-20T08:34:54" hostname="C02DV8VXMD6R" time="0.014">
  <properties/>
  <testcase name="checktest()" classname="testing.T1" time="0.014"/>
  <system-out><![CDATA[]]></system-out>
  <system-err><![CDATA[]]></system-err>
</testsuite>
